P1/Library/Bee/Android/Prj/IL2CPP/Gradle/unityLibrary/build/intermediates/manifest_merge_blame_file/debug/manifest-merger-blame-debug-report.txt
1<?xml version="1.0" encoding="utf-8"?>
2<manifest xmlns:android="http://schemas.android.com/apk/res/android"
3    package="com.unity3d.player" >
4
5    <uses-sdk
6        android:minSdkVersion="29"
6-->src\main\AndroidManifest.xml
7        android:targetSdkVersion="32" />
7-->src\main\AndroidManifest.xml
8
9    <uses-permission android:name="android.permission.CAMERA" />
9-->src\main\AndroidManifest.xml:3:3-63
9-->src\main\AndroidManifest.xml:3:20-60
10    <uses-permission android:name="android.permission.INTERNET" />
10-->src\main\AndroidManifest.xml:4:3-65
10-->src\main\AndroidManifest.xml:4:20-62
11
12    <uses-feature
12-->src\main\AndroidManifest.xml:5:3-83
13        android:name="android.hardware.camera"
13-->src\main\AndroidManifest.xml:5:17-55
14        android:required="false" />
14-->src\main\AndroidManifest.xml:5:56-80
15    <uses-feature android:name="android.hardware.camera.flash" />
15-->src\main\AndroidManifest.xml:6:3-64
15-->src\main\AndroidManifest.xml:6:17-61
16    <uses-feature android:glEsVersion="0x00030000" />
16-->src\main\AndroidManifest.xml:7:3-52
16-->src\main\AndroidManifest.xml:7:17-49
17    <uses-feature
17-->src\main\AndroidManifest.xml:8:3-91
18        android:name="android.hardware.vulkan.version"
18-->src\main\AndroidManifest.xml:8:17-63
19        android:required="false" />
19-->src\main\AndroidManifest.xml:8:64-88
20    <uses-feature
20-->src\main\AndroidManifest.xml:9:3-93
21        android:name="android.hardware.camera.autofocus"
21-->src\main\AndroidManifest.xml:9:17-65
22        android:required="false" />
22-->src\main\AndroidManifest.xml:9:66-90
23    <uses-feature
23-->src\main\AndroidManifest.xml:10:3-89
24        android:name="android.hardware.camera.front"
24-->src\main\AndroidManifest.xml:10:17-61
25        android:required="false" />
25-->src\main\AndroidManifest.xml:10:62-86
26    <uses-feature
26-->src\main\AndroidManifest.xml:11:3-88
27        android:name="android.hardware.touchscreen"
27-->src\main\AndroidManifest.xml:11:17-60
28        android:required="false" />
28-->src\main\AndroidManifest.xml:11:61-85
29    <uses-feature
29-->src\main\AndroidManifest.xml:12:3-99
30        android:name="android.hardware.touchscreen.multitouch"
30-->src\main\AndroidManifest.xml:12:17-71
31        android:required="false" />
31-->src\main\AndroidManifest.xml:12:72-96
32    <uses-feature
32-->src\main\AndroidManifest.xml:13:3-108
33        android:name="android.hardware.touchscreen.multitouch.distinct"
33-->src\main\AndroidManifest.xml:13:17-80
34        android:required="false" />
34-->src\main\AndroidManifest.xml:13:81-105
35
36    <application
36-->src\main\AndroidManifest.xml:14:3-29:17
37        android:extractNativeLibs="true"
37-->src\main\AndroidManifest.xml:14:123-155
38        android:icon="@mipmap/app_icon"
38-->src\main\AndroidManifest.xml:14:91-122
39        android:label="@string/app_name"
39-->src\main\AndroidManifest.xml:14:58-90
40        android:theme="@style/UnityThemeSelector" >
40-->src\main\AndroidManifest.xml:14:16-57
41        <meta-data
41-->src\main\AndroidManifest.xml:15:5-69
42            android:name="unity.splash-mode"
42-->src\main\AndroidManifest.xml:15:16-48
43            android:value="0" />
43-->src\main\AndroidManifest.xml:15:49-66
44        <meta-data
44-->src\main\AndroidManifest.xml:16:5-74
45            android:name="unity.splash-enable"
45-->src\main\AndroidManifest.xml:16:16-50
46            android:value="True" />
46-->src\main\AndroidManifest.xml:16:51-71
47        <meta-data
47-->src\main\AndroidManifest.xml:17:5-78
48            android:name="unity.launch-fullscreen"
48-->src\main\AndroidManifest.xml:17:16-54
49            android:value="True" />
49-->src\main\AndroidManifest.xml:17:55-75
50        <meta-data
50-->src\main\AndroidManifest.xml:18:5-84
51            android:name="unity.allow-resizable-window"
51-->src\main\AndroidManifest.xml:18:16-59
52            android:value="False" />
52-->src\main\AndroidManifest.xml:18:60-81
53        <meta-data
53-->src\main\AndroidManifest.xml:19:5-81
54            android:name="notch.config"
54-->src\main\AndroidManifest.xml:19:16-43
55            android:value="portrait|landscape" />
55-->src\main\AndroidManifest.xml:19:44-78
56        <meta-data
56-->src\main\AndroidManifest.xml:20:5-84
57            android:name="unity.auto-report-fully-drawn"
57-->src\main\AndroidManifest.xml:20:16-60
58            android:value="true" />
58-->src\main\AndroidManifest.xml:20:61-81
59
60        <activity
60-->src\main\AndroidManifest.xml:21:5-27:16
61            android:name="com.unity3d.player.UnityPlayerActivity"
61-->src\main\AndroidManifest.xml:21:15-68
62            android:configChanges="mcc|mnc|locale|touchscreen|keyboard|keyboardHidden|navigation|orientation|screenLayout|uiMode|screenSize|smallestScreenSize|fontScale|layoutDirection|density"
62-->src\main\AndroidManifest.xml:21:162-343
63            android:exported="true"
63-->src\main\AndroidManifest.xml:21:69-92
64            android:hardwareAccelerated="false"
64-->src\main\AndroidManifest.xml:21:379-414
65            android:launchMode="singleTask"
65-->src\main\AndroidManifest.xml:21:130-161
66            android:resizeableActivity="false"
66-->src\main\AndroidManifest.xml:21:344-378
67            android:screenOrientation="fullUser" >
67-->src\main\AndroidManifest.xml:21:93-129
68            <intent-filter>
68-->src\main\AndroidManifest.xml:22:7-25:23
69                <category android:name="android.intent.category.LAUNCHER" />
69-->src\main\AndroidManifest.xml:23:9-69
69-->src\main\AndroidManifest.xml:23:19-66
70
71                <action android:name="android.intent.action.MAIN" />
71-->src\main\AndroidManifest.xml:24:9-61
71-->src\main\AndroidManifest.xml:24:17-58
72            </intent-filter>
73
74            <meta-data
74-->src\main\AndroidManifest.xml:26:7-70
75                android:name="notch_support"
75-->src\main\AndroidManifest.xml:26:18-46
76                android:value="true" />
76-->src\main\AndroidManifest.xml:26:47-67
77        </activity>
78
79        <meta-data
79-->src\main\AndroidManifest.xml:28:5-77
80            android:name="com.google.ar.core"
80-->src\main\AndroidManifest.xml:28:16-49
81            android:value="optional" />
81-->src\main\AndroidManifest.xml:28:50-74
82    </application>
83
84</manifest>